c:\users\nir\documents\visual studio 2017\projects\dxmanager\debug\vc141.pdb
c:\users\nir\documents\visual studio 2017\projects\dxmanager\debug\vc141.idb
c:\users\nir\documents\visual studio 2017\projects\dxmanager\debug\dxinput.obj
c:\users\nir\documents\visual studio 2017\projects\dxmanager\debug\dxkeyboard.obj
c:\users\nir\documents\visual studio 2017\projects\dxmanager\debug\dxmouse.obj
c:\users\nir\documents\visual studio 2017\projects\dxmanager\debug\main.obj
d:\nir\documents\visual studio 2017\projects\dxmanager\debug\vc141.pdb
d:\nir\documents\visual studio 2017\projects\dxmanager\debug\vc141.idb
d:\nir\documents\visual studio 2017\projects\dxmanager\debug\dxinput.obj
d:\nir\documents\visual studio 2017\projects\dxmanager\debug\dxkeyboard.obj
d:\nir\documents\visual studio 2017\projects\dxmanager\debug\dxmouse.obj
d:\nir\documents\visual studio 2017\projects\dxmanager\debug\dxmanager.pdb
d:\nir\documents\visual studio 2017\projects\dxmanager\debug\dxmanager.tlog\cl.command.1.tlog
d:\nir\documents\visual studio 2017\projects\dxmanager\debug\dxmanager.tlog\cl.read.1.tlog
d:\nir\documents\visual studio 2017\projects\dxmanager\debug\dxmanager.tlog\cl.write.1.tlog
d:\nir\documents\visual studio 2017\projects\dxmanager\debug\dxmanager.tlog\link-cvtres.read.1.tlog
d:\nir\documents\visual studio 2017\projects\dxmanager\debug\dxmanager.tlog\link-cvtres.write.1.tlog
d:\nir\documents\visual studio 2017\projects\dxmanager\debug\dxmanager.tlog\link-rc.read.1.tlog
d:\nir\documents\visual studio 2017\projects\dxmanager\debug\dxmanager.tlog\link-rc.write.1.tlog
d:\nir\documents\visual studio 2017\projects\dxmanager\debug\dxmanager.tlog\link.command.1.tlog
d:\nir\documents\visual studio 2017\projects\dxmanager\debug\dxmanager.tlog\link.read.1.tlog
d:\nir\documents\visual studio 2017\projects\dxmanager\debug\dxmanager.tlog\link.write.1.tlog
